<?xml version="1.0" encoding="UTF-8"?>
<testng-results ignored="1" total="2" passed="1" failed="0" skipped="0">
  <reporter-output>
  </reporter-output>
  <suite started-at="2023-10-14T14:09:02 AMT" name="Testing Google Apps" finished-at="2023-10-14T14:09:34 AMT" duration-ms="31241">
    <groups>
      <group name="SMOKE">
        <method signature="TestShopPage.testShopPageNavigation2()[pri:0, instance:tests.TestShopPage@6950ed69]" name="testShopPageNavigation2" class="tests.TestShopPage"/>
      </group> <!-- SMOKE -->
    </groups>
    <test started-at="2023-10-14T14:09:02 AMT" name="Smoke" finished-at="2023-10-14T14:09:34 AMT" duration-ms="31241">
      <class name="tests.TestShopPage">
        <test-method is-config="true" signature="setUp()[pri:0, instance:tests.TestShopPage@6950ed69]" started-at="2023-10-14T14:09:03 AMT" name="setUp" finished-at="2023-10-14T14:09:33 AMT" duration-ms="30866" status="PASS">
          <reporter-output>
          </reporter-output>
        </test-method> <!-- setUp -->
        <test-method is-config="true" signature="createObjects()[pri:0, instance:tests.TestShopPage@6950ed69]" started-at="2023-10-14T14:09:33 AMT" name="createObjects" finished-at="2023-10-14T14:09:33 AMT" duration-ms="5" status="PASS">
          <reporter-output>
          </reporter-output>
        </test-method> <!-- createObjects -->
        <test-method signature="testShopPageNavigation2()[pri:0, instance:tests.TestShopPage@6950ed69]" started-at="2023-10-14T14:09:33 AMT" name="testShopPageNavigation2" finished-at="2023-10-14T14:09:34 AMT" duration-ms="65" status="PASS">
          <reporter-output>
          </reporter-output>
        </test-method> <!-- testShopPageNavigation2 -->
        <test-method is-config="true" signature="tearDown()[pri:0, instance:tests.TestShopPage@6950ed69]" started-at="2023-10-14T14:09:34 AMT" name="tearDown" finished-at="2023-10-14T14:09:34 AMT" duration-ms="166" status="PASS">
          <reporter-output>
          </reporter-output>
        </test-method> <!-- tearDown -->
      </class> <!-- tests.TestShopPage -->
    </test> <!-- Smoke -->
  </suite> <!-- Testing Google Apps -->
</testng-results>
