<?xml version="1.0" encoding="UTF-8"?>
<!-- Generated by org.testng.reporters.JUnitXMLReporter -->
<testsuite ignored="1" hostname="EPAMYERW007F" failures="0" tests="1" name="Smoke" time="31.241" errors="0" timestamp="2023-10-14T14:09:34 AMT">
  <testcase classname="tests.TestShopPage" name="testShopPageNavigation2" time="0.065"/>
  <testcase classname="tests.TestShopPage" name="testShopPageNavigation" time="0.0">
    <ignored/>
  </testcase> <!-- testShopPageNavigation -->
</testsuite> <!-- Smoke -->
